C:\Program Files (x86)\Microsoft Visual Studio\2017\Community\Common7\IDE\VC\VCTargets\Microsoft.CppBuild.targets(387,5): warning MSB8028: The intermediate directory (Debug\) contains files shared from another project (WindowsProject2.vcxproj).  This can lead to incorrect clean and rebuild behavior.
  main.cpp
c:\users\kaitlynn\source\repos\windowsproject2\windowsproject2\screenelement.h(35): warning C4244: 'initializing': conversion from 'float' to 'int', possible loss of data
c:\users\kaitlynn\source\repos\windowsproject2\windowsproject2\screenelement.h(36): warning C4244: 'initializing': conversion from 'float' to 'int', possible loss of data
c:\users\kaitlynn\source\repos\windowsproject2\windowsproject2\screenelement.h(37): warning C4244: 'argument': conversion from 'int' to 'float', possible loss of data
c:\users\kaitlynn\source\repos\windowsproject2\windowsproject2\screenelement.h(51): warning C4244: 'argument': conversion from 'int' to 'float', possible loss of data
c:\users\kaitlynn\source\repos\windowsproject2\windowsproject2\screenelement.h(55): warning C4244: 'argument': conversion from 'int' to 'float', possible loss of data
c:\users\kaitlynn\source\repos\windowsproject2\windowsproject2\screenelement.h(79): warning C4244: 'initializing': conversion from 'float' to 'int', possible loss of data
c:\users\kaitlynn\source\repos\windowsproject2\windowsproject2\screenelement.h(83): warning C4244: 'argument': conversion from 'int' to 'float', possible loss of data
c:\users\kaitlynn\source\repos\windowsproject2\windowsproject2\screenelement.h(85): warning C4244: 'argument': conversion from 'int' to 'float', possible loss of data
c:\users\kaitlynn\source\repos\windowsproject2\windowsproject2\screenelement.h(102): warning C4244: 'argument': conversion from 'int' to 'float', possible loss of data
c:\users\kaitlynn\source\repos\windowsproject2\windowsproject2\screenelement.h(104): warning C4244: 'argument': conversion from 'int' to 'float', possible loss of data
c:\users\kaitlynn\source\repos\windowsproject2\windowsproject2\screenelement.h(132): warning C4305: 'argument': truncation from 'double' to 'float'
c:\users\kaitlynn\source\repos\windowsproject2\windowsproject2\mainmenu.h(24): warning C4244: 'argument': conversion from 'int' to 'float', possible loss of data
c:\users\kaitlynn\source\repos\windowsproject2\windowsproject2\mainmenu.h(28): warning C4244: 'argument': conversion from 'int' to 'float', possible loss of data
c:\users\kaitlynn\source\repos\windowsproject2\windowsproject2\wavedescription.h(28): warning C4244: 'argument': conversion from 'int' to 'float', possible loss of data
c:\users\kaitlynn\source\repos\windowsproject2\windowsproject2\wavedescription.h(30): warning C4244: 'argument': conversion from 'int' to 'float', possible loss of data
c:\users\kaitlynn\source\repos\windowsproject2\windowsproject2\buysellpage.h(34): warning C4305: 'argument': truncation from 'double' to 'float'
c:\users\kaitlynn\source\repos\windowsproject2\windowsproject2\wavecomplete.h(68): warning C4715: 'WaveComplete::Run': not all control paths return a value
c:\users\kaitlynn\source\repos\windowsproject2\windowsproject2\levelcomplete.h(72): warning C4715: 'LevelComplete::Run': not all control paths return a value
c:\users\kaitlynn\source\repos\windowsproject2\windowsproject2\wavedescription.h(86): warning C4715: 'WaveDescription::Run': not all control paths return a value
c:\users\kaitlynn\source\repos\windowsproject2\windowsproject2\winnerpage.h(72): warning C4715: 'WinnerPage::Run': not all control paths return a value
c:\users\kaitlynn\source\repos\windowsproject2\windowsproject2\buysellpage.h(75): warning C4715: 'BuySellPage::Run': not all control paths return a value
c:\users\kaitlynn\source\repos\windowsproject2\windowsproject2\waverunningpage.h(57): warning C4715: 'WaveRunningPage::Run': not all control paths return a value
c:\users\kaitlynn\source\repos\windowsproject2\windowsproject2\gameoverpage.h(73): warning C4715: 'GameOverPage::Run': not all control paths return a value
  WindowsProject2.vcxproj -> C:\Users\Kaitlynn\source\repos\WindowsProject2\Debug\GUI.exe
  WindowsProject2.vcxproj -> C:\Users\Kaitlynn\source\repos\WindowsProject2\Debug\GUI.pdb (Partial PDB)
