  main.cpp
c:\users\marieqian\source\repos\new folder (3)\gui\gui\screenelement.h(42): warning C4244: 'initializing': conversion from 'float' to 'int', possible loss of data
c:\users\marieqian\source\repos\new folder (3)\gui\gui\screenelement.h(43): warning C4244: 'initializing': conversion from 'float' to 'int', possible loss of data
c:\users\marieqian\source\repos\new folder (3)\gui\gui\screenelement.h(44): warning C4244: 'argument': conversion from 'int' to 'float', possible loss of data
c:\users\marieqian\source\repos\new folder (3)\gui\gui\screenelement.h(56): warning C4244: 'argument': conversion from 'int' to 'float', possible loss of data
c:\users\marieqian\source\repos\new folder (3)\gui\gui\screenelement.h(60): warning C4244: 'argument': conversion from 'int' to 'float', possible loss of data
c:\users\marieqian\source\repos\new folder (3)\gui\gui\screenelement.h(98): warning C4244: 'initializing': conversion from 'float' to 'int', possible loss of data
c:\users\marieqian\source\repos\new folder (3)\gui\gui\screenelement.h(100): warning C4244: 'initializing': conversion from 'float' to 'int', possible loss of data
c:\users\marieqian\source\repos\new folder (3)\gui\gui\screenelement.h(102): warning C4244: 'argument': conversion from 'int' to 'float', possible loss of data
c:\users\marieqian\source\repos\new folder (3)\gui\gui\screenelement.h(118): warning C4244: 'argument': conversion from 'int' to 'float', possible loss of data
c:\users\marieqian\source\repos\new folder (3)\gui\gui\hostilemanager.h(27): warning C4018: '<': signed/unsigned mismatch
c:\users\marieqian\source\repos\new folder (3)\gui\gui\tower.h(30): warning C4244: 'return': conversion from 'const float' to 'int', possible loss of data
c:\users\marieqian\source\repos\new folder (3)\gui\gui\tower.h(33): warning C4244: 'return': conversion from 'const float' to 'int', possible loss of data
c:\users\marieqian\source\repos\new folder (3)\gui\gui\wavedescription.h(38): warning C4244: 'initializing': conversion from 'float' to 'int', possible loss of data
c:\users\marieqian\source\repos\new folder (3)\gui\gui\wavedescription.h(40): warning C4244: 'argument': conversion from 'int' to 'float', possible loss of data
c:\users\marieqian\source\repos\new folder (3)\gui\gui\waverunningpage.h(86): warning C4244: 'argument': conversion from 'time_t' to 'unsigned int', possible loss of data
c:\users\marieqian\source\repos\new folder (3)\gui\gui\waverunningpage.h(203): warning C4018: '<': signed/unsigned mismatch
c:\users\marieqian\source\repos\new folder (3)\gui\gui\waverunningpage.h(209): warning C4244: 'argument': conversion from 'int' to 'float', possible loss of data
c:\users\marieqian\source\repos\new folder (3)\gui\gui\waverunningpage.h(236): warning C4018: '<': signed/unsigned mismatch
c:\users\marieqian\source\repos\new folder (3)\gui\gui\waverunningpage.h(246): warning C4018: '<': signed/unsigned mismatch
c:\users\marieqian\source\repos\new folder (3)\gui\gui\waverunningpage.h(316): warning C4244: 'argument': conversion from 'int' to 'float', possible loss of data
c:\users\marieqian\source\repos\new folder (3)\gui\gui\waverunningpage.h(376): warning C4244: 'argument': conversion from 'int' to 'float', possible loss of data
c:\users\marieqian\source\repos\new folder (3)\gui\gui\mainmenu.h(57): warning C4244: 'argument': conversion from 'int' to 'float', possible loss of data
c:\users\marieqian\source\repos\new folder (3)\gui\gui\mainmenu.h(61): warning C4244: 'argument': conversion from 'int' to 'float', possible loss of data
c:\users\marieqian\source\repos\new folder (3)\gui\gui\wavecomplete.h(98): warning C4715: 'WaveComplete::Run': not all control paths return a value
c:\users\marieqian\source\repos\new folder (3)\gui\gui\wavedescription.h(105): warning C4715: 'WaveDescription::Run': not all control paths return a value
c:\users\marieqian\source\repos\new folder (3)\gui\gui\waverunningpage.h(275): warning C4715: 'WaveRunningPage::Run': not all control paths return a value
c:\users\marieqian\source\repos\new folder (3)\gui\gui\levelcomplete.h(75): warning C4715: 'LevelComplete::Run': not all control paths return a value
c:\users\marieqian\source\repos\new folder (3)\gui\gui\winnerpage.h(95): warning C4715: 'WinnerPage::Run': not all control paths return a value
c:\users\marieqian\source\repos\new folder (3)\gui\gui\gameoverpage.h(94): warning C4715: 'GameOverPage::Run': not all control paths return a value
  GUI.vcxproj -> C:\Users\marieqian\source\repos\New folder (3)\GUI\Debug\GUI.exe
