c:\users\marieqian\source\repos\new folder (3)\gui\gui\debug\gui.pch
c:\users\marieqian\source\repos\new folder (3)\gui\gui\debug\vc141.pdb
c:\users\marieqian\source\repos\new folder (3)\gui\gui\debug\vc141.idb
c:\users\marieqian\source\repos\new folder (3)\gui\gui\debug\stdafx.obj
c:\users\marieqian\source\repos\new folder (3)\gui\gui\debug\buysell.obj
c:\users\marieqian\source\repos\new folder (3)\gui\gui\debug\buysellpage.obj
c:\users\marieqian\source\repos\new folder (3)\gui\gui\debug\gui.obj
c:\users\marieqian\source\repos\new folder (3)\gui\gui\debug\main.obj
c:\users\marieqian\source\repos\new folder (3)\gui\gui\debug\movingsprite.obj
c:\users\marieqian\source\repos\new folder (3)\gui\gui\debug\path.obj
c:\users\marieqian\source\repos\new folder (3)\gui\gui\debug\pathoverlays.obj
c:\users\marieqian\source\repos\new folder (3)\gui\gui\debug\cursor.obj
c:\users\marieqian\source\repos\new folder (3)\gui\gui\debug\player.obj
c:\users\marieqian\source\repos\new folder (3)\gui\debug\gui.lib
c:\users\marieqian\source\repos\new folder (3)\gui\debug\gui.exp
c:\users\marieqian\source\repos\new folder (3)\gui\debug\gui.exe
c:\users\marieqian\source\repos\new folder (3)\gui\debug\gui.ilk
c:\users\marieqian\source\repos\new folder (3)\gui\debug\gui.pdb
c:\users\marieqian\source\repos\new folder (3)\gui\gui\debug\gui.res
c:\users\marieqian\source\repos\new folder (3)\gui\gui\debug\main.obj.enc
c:\users\marieqian\source\repos\new folder (3)\gui\gui\debug\gui.tlog\cl.command.1.tlog
c:\users\marieqian\source\repos\new folder (3)\gui\gui\debug\gui.tlog\cl.read.1.tlog
c:\users\marieqian\source\repos\new folder (3)\gui\gui\debug\gui.tlog\cl.write.1.tlog
c:\users\marieqian\source\repos\new folder (3)\gui\gui\debug\gui.tlog\gui.write.1u.tlog
c:\users\marieqian\source\repos\new folder (3)\gui\gui\debug\gui.tlog\link.command.1.tlog
c:\users\marieqian\source\repos\new folder (3)\gui\gui\debug\gui.tlog\link.read.1.tlog
c:\users\marieqian\source\repos\new folder (3)\gui\gui\debug\gui.tlog\link.write.1.tlog
c:\users\marieqian\source\repos\new folder (3)\gui\gui\debug\gui.tlog\rc.command.1.tlog
c:\users\marieqian\source\repos\new folder (3)\gui\gui\debug\gui.tlog\rc.read.1.tlog
c:\users\marieqian\source\repos\new folder (3)\gui\gui\debug\gui.tlog\rc.write.1.tlog
